D:\WORKING\CODING\LISTENUSB\LISTENUSB\DEBUG\LISTENUSB.PCH
D:\WORKING\CODING\LISTENUSB\LISTENUSB\DEBUG\STDAFX.OBJ
D:\WORKING\CODING\LISTENUSB\LISTENUSB\DEBUG\VC110.PDB
D:\WORKING\CODING\LISTENUSB\LISTENUSB\DEBUG\LISTENUSB.OBJ
D:\WORKING\CODING\LISTENUSB\LISTENUSB\DEBUG\GETWMIINFO.OBJ
D:\WORKING\CODING\LISTENUSB\LISTENUSB\DEBUG\GETUSBINFO.OBJ
D:\WORKING\CODING\LISTENUSB\LISTENUSB\DEBUG\EVENTSINK.OBJ
D:\WORKING\CODING\LISTENUSB\LISTENUSB\DEBUG\.NETFRAMEWORK,VERSION=V4.0.ASSEMBLYATTRIBUTES.OBJ
D:\WORKING\CODING\LISTENUSB\DEBUG\LISTENUSB.ILK
D:\WORKING\CODING\LISTENUSB\DEBUG\LISTENUSB.EXE
D:\WORKING\CODING\LISTENUSB\DEBUG\LISTENUSB.PDB
D:\working\coding\ListenUsb\ListenUsb\Debug\.NETFramework,Version=v4.0.AssemblyAttributes.obj
D:\working\coding\ListenUsb\ListenUsb\Debug\EventSink.obj
D:\working\coding\ListenUsb\ListenUsb\Debug\getUSbInfo.obj
D:\working\coding\ListenUsb\ListenUsb\Debug\getWmiInfo.obj
D:\working\coding\ListenUsb\ListenUsb\Debug\ListenUsb.obj
D:\working\coding\ListenUsb\ListenUsb\Debug\stdafx.obj
D:\working\coding\ListenUsb\ListenUsb\Debug\cl.command.1.tlog
D:\working\coding\ListenUsb\ListenUsb\Debug\CL.read.1.tlog
D:\working\coding\ListenUsb\ListenUsb\Debug\CL.write.1.tlog
D:\working\coding\ListenUsb\ListenUsb\Debug\link.2740-cvtres.read.1.tlog
D:\working\coding\ListenUsb\ListenUsb\Debug\link.2740-cvtres.write.1.tlog
D:\working\coding\ListenUsb\ListenUsb\Debug\link.2740-rc.read.1.tlog
D:\working\coding\ListenUsb\ListenUsb\Debug\link.2740-rc.write.1.tlog
D:\working\coding\ListenUsb\ListenUsb\Debug\link.2740.read.1.tlog
D:\working\coding\ListenUsb\ListenUsb\Debug\link.2740.write.1.tlog
D:\working\coding\ListenUsb\ListenUsb\Debug\link.command.1.tlog
D:\working\coding\ListenUsb\ListenUsb\Debug\link.read.1.tlog
D:\working\coding\ListenUsb\ListenUsb\Debug\link.write.1.tlog
D:\working\coding\ListenUsb\ListenUsb\Debug\metagen.read.1.tlog
D:\working\coding\ListenUsb\ListenUsb\Debug\metagen.write.1.tlog
D:\working\coding\ListenUsb\ListenUsb\Debug\ListenUsb.pch
D:\working\coding\ListenUsb\ListenUsb\Debug\vc110.pdb
D:\working\coding\ListenUsb\ListenUsb\Debug\RSAENH.DLL.bi
D:\working\coding\ListenUsb\ListenUsb\Debug\TZRES.DLL.bi
D:\working\coding\ListenUsb\Debug\ListenUsb.pdb
D:\working\coding\ListenUsb\Debug\ListenUsb.exe
D:\working\coding\ListenUsb\Debug\ListenUsb.ilk
